***  Installation Started 12/27/2004 13:31  ***
Title: Установка Scarlett Эрудит РС 1.3
Source: c:\Temp\e2.EXE
File Copy: C:\Program Files\E2\UNWISE32.EXE
Made Dir: C:\Program Files\E2\Media
File Copy: C:\Program Files\E2\Media\YourMov3.mp3
File Copy: C:\Program Files\E2\Media\YourMov2.mp3
File Copy: C:\Program Files\E2\Media\YourMov1.mp3
File Copy: C:\Program Files\E2\Media\timeout.mp3
File Copy: C:\Program Files\E2\Media\Score2.mp3
File Copy: C:\Program Files\E2\Media\Score1.mp3
File Copy: C:\Program Files\E2\Media\SCLimit.mp3
File Copy: C:\Program Files\E2\Media\Save.mp3
File Copy: C:\Program Files\E2\Media\NoWords.mp3
File Copy: C:\Program Files\E2\Media\NotAvail.mp3
File Copy: C:\Program Files\E2\Media\NewGame.mp3
File Copy: C:\Program Files\E2\Media\IsWord3.mp3
File Copy: C:\Program Files\E2\Media\IsWord2.mp3
File Copy: C:\Program Files\E2\Media\IsWord1.mp3
File Copy: C:\Program Files\E2\Media\hint3.mp3
File Copy: C:\Program Files\E2\Media\hint2.mp3
File Copy: C:\Program Files\E2\Media\hint1.mp3
File Copy: C:\Program Files\E2\Media\HallFame.mp3
File Copy: C:\Program Files\E2\Media\GoodSc3.mp3
File Copy: C:\Program Files\E2\Media\GoodSc2.mp3
File Copy: C:\Program Files\E2\Media\GoodSc1.mp3
File Copy: C:\Program Files\E2\Media\gameover.mp3
File Copy: C:\Program Files\E2\Media\Error.mp3
File Copy: C:\Program Files\E2\Media\CHMove.mp3
File Copy: C:\Program Files\E2\Media\change2.mp3
File Copy: C:\Program Files\E2\Media\change1.mp3
File Copy: C:\Program Files\E2\Media\bonus2.mp3
File Copy: C:\Program Files\E2\Media\bonus1.mp3
File Copy: C:\Program Files\E2\Bass.dll
Made Dir: C:\Program Files\E2\Fonts
File Copy: C:\Program Files\E2\Fonts\player.ttf
File Copy: C:\Program Files\E2\Fonts\messages.ttf
File Copy: C:\Program Files\E2\Fonts\digital.ttf
File Copy: C:\Program Files\E2\erudit.chm
Made Dir: C:\Program Files\E2\Grafix
File Copy: C:\Program Files\E2\Grafix\timet1.bmp
File Copy: C:\Program Files\E2\Grafix\starwin.bmp
File Copy: C:\Program Files\E2\Grafix\Starflsh.bmp
File Copy: C:\Program Files\E2\Grafix\slot7ch2.bmp
File Copy: C:\Program Files\E2\Grafix\slot7ch1.bmp
File Copy: C:\Program Files\E2\Grafix\Shadow2.bmp
File Copy: C:\Program Files\E2\Grafix\Shadow1.bmp
File Copy: C:\Program Files\E2\Grafix\scrm2.bmp
File Copy: C:\Program Files\E2\Grafix\scrm1.bmp
File Copy: C:\Program Files\E2\Grafix\scrg2.bmp
File Copy: C:\Program Files\E2\Grafix\scrg1.bmp
File Copy: C:\Program Files\E2\Grafix\savegame.bmp
File Copy: C:\Program Files\E2\Grafix\questwin.bmp
File Copy: C:\Program Files\E2\Grafix\prevbut22.bmp
File Copy: C:\Program Files\E2\Grafix\prevbut2.bmp
File Copy: C:\Program Files\E2\Grafix\prevbut11.bmp
File Copy: C:\Program Files\E2\Grafix\prevbut1.bmp
Made Dir: C:\Program Files\E2\Grafix\Players
File Copy: C:\Program Files\E2\Grafix\Players\Shadow2.bmp
File Copy: C:\Program Files\E2\Grafix\Players\Shadow1.bmp
File Copy: C:\Program Files\E2\Grafix\Players\Serg1.bmp
File Copy: C:\Program Files\E2\Grafix\Players\Pc1.bmp
File Copy: C:\Program Files\E2\Grafix\Players\Mari1.bmp
File Copy: C:\Program Files\E2\Grafix\Players\Lucy1.bmp
File Copy: C:\Program Files\E2\Grafix\Players\John1.bmp
File Copy: C:\Program Files\E2\Grafix\Players\Elen1.bmp
File Copy: C:\Program Files\E2\Grafix\Players\Andy1.bmp
File Copy: C:\Program Files\E2\Grafix\newgame.bmp
File Copy: C:\Program Files\E2\Grafix\menubutt.bmp
File Copy: C:\Program Files\E2\Grafix\menu.bmp
File Copy: C:\Program Files\E2\Grafix\Marker1.bmp
File Copy: C:\Program Files\E2\Grafix\Main.ico
Made Dir: C:\Program Files\E2\Grafix\Letters
File Copy: C:\Program Files\E2\Grafix\Letters\Unknown.bmp
File Copy: C:\Program Files\E2\Grafix\Letters\M9.bmp
File Copy: C:\Program Files\E2\Grafix\Letters\M8.bmp
File Copy: C:\Program Files\E2\Grafix\Letters\M7.bmp
File Copy: C:\Program Files\E2\Grafix\Letters\M6.bmp
File Copy: C:\Program Files\E2\Grafix\Letters\M5.bmp
File Copy: C:\Program Files\E2\Grafix\Letters\M4.bmp
File Copy: C:\Program Files\E2\Grafix\Letters\M32.bmp
File Copy: C:\Program Files\E2\Grafix\Letters\M31.bmp
File Copy: C:\Program Files\E2\Grafix\Letters\M30.bmp
File Copy: C:\Program Files\E2\Grafix\Letters\M3.bmp
File Copy: C:\Program Files\E2\Grafix\Letters\M29.bmp
File Copy: C:\Program Files\E2\Grafix\Letters\M28.bmp
File Copy: C:\Program Files\E2\Grafix\Letters\M27.bmp
File Copy: C:\Program Files\E2\Grafix\Letters\M26.bmp
File Copy: C:\Program Files\E2\Grafix\Letters\M25.bmp
File Copy: C:\Program Files\E2\Grafix\Letters\M24.bmp
File Copy: C:\Program Files\E2\Grafix\Letters\M23.bmp
File Copy: C:\Program Files\E2\Grafix\Letters\M22.bmp
File Copy: C:\Program Files\E2\Grafix\Letters\M21.bmp
File Copy: C:\Program Files\E2\Grafix\Letters\M20.bmp
File Copy: C:\Program Files\E2\Grafix\Letters\M2.bmp
File Copy: C:\Program Files\E2\Grafix\Letters\M19.bmp
File Copy: C:\Program Files\E2\Grafix\Letters\M18.bmp
File Copy: C:\Program Files\E2\Grafix\Letters\M17.bmp
File Copy: C:\Program Files\E2\Grafix\Letters\M16.bmp
File Copy: C:\Program Files\E2\Grafix\Letters\M15.bmp
File Copy: C:\Program Files\E2\Grafix\Letters\M14.bmp
File Copy: C:\Program Files\E2\Grafix\Letters\M13.bmp
File Copy: C:\Program Files\E2\Grafix\Letters\M12.bmp
File Copy: C:\Program Files\E2\Grafix\Letters\M11.bmp
File Copy: C:\Program Files\E2\Grafix\Letters\M10.bmp
File Copy: C:\Program Files\E2\Grafix\Letters\M1.bmp
File Copy: C:\Program Files\E2\Grafix\Letters\G9.bmp
File Copy: C:\Program Files\E2\Grafix\Letters\G8.bmp
File Copy: C:\Program Files\E2\Grafix\Letters\G7.bmp
File Copy: C:\Program Files\E2\Grafix\Letters\G6.bmp
File Copy: C:\Program Files\E2\Grafix\Letters\G5.bmp
File Copy: C:\Program Files\E2\Grafix\Letters\G4.bmp
File Copy: C:\Program Files\E2\Grafix\Letters\G32.bmp
File Copy: C:\Program Files\E2\Grafix\Letters\G31.bmp
File Copy: C:\Program Files\E2\Grafix\Letters\G30.bmp
File Copy: C:\Program Files\E2\Grafix\Letters\G3.bmp
File Copy: C:\Program Files\E2\Grafix\Letters\G29.bmp
File Copy: C:\Program Files\E2\Grafix\Letters\G28.bmp
File Copy: C:\Program Files\E2\Grafix\Letters\G27.bmp
File Copy: C:\Program Files\E2\Grafix\Letters\G26.bmp
File Copy: C:\Program Files\E2\Grafix\Letters\G25.bmp
File Copy: C:\Program Files\E2\Grafix\Letters\G24.bmp
File Copy: C:\Program Files\E2\Grafix\Letters\G23.bmp
File Copy: C:\Program Files\E2\Grafix\Letters\G22.bmp
File Copy: C:\Program Files\E2\Grafix\Letters\G21.bmp
File Copy: C:\Program Files\E2\Grafix\Letters\G20.bmp
File Copy: C:\Program Files\E2\Grafix\Letters\G2.bmp
File Copy: C:\Program Files\E2\Grafix\Letters\G19.bmp
File Copy: C:\Program Files\E2\Grafix\Letters\G18.bmp
File Copy: C:\Program Files\E2\Grafix\about.BMP
Made Dir: C:\Program Files\E2\Grafix\Animatio
File Copy: C:\Program Files\E2\Grafix\Animatio\Andygo1.bmp
File Copy: C:\Program Files\E2\Grafix\Animatio\Andygo2.bmp
File Copy: C:\Program Files\E2\Grafix\Animatio\Andygo3.bmp
File Copy: C:\Program Files\E2\Grafix\Animatio\Andygo4.bmp
File Copy: C:\Program Files\E2\Grafix\Animatio\Andygo5.bmp
File Copy: C:\Program Files\E2\Grafix\Animatio\Andygo6.bmp
File Copy: C:\Program Files\E2\Grafix\Animatio\Elengo1.bmp
File Copy: C:\Program Files\E2\Grafix\Animatio\Elengo2.bmp
File Copy: C:\Program Files\E2\Grafix\Animatio\Elengo3.bmp
File Copy: C:\Program Files\E2\Grafix\Animatio\Elengo4.bmp
File Copy: C:\Program Files\E2\Grafix\Animatio\Elengo5.bmp
File Copy: C:\Program Files\E2\Grafix\Animatio\Elengo6.bmp
File Copy: C:\Program Files\E2\Grafix\Animatio\Explo1.bmp
File Copy: C:\Program Files\E2\Grafix\Animatio\Explo11.bmp
File Copy: C:\Program Files\E2\Grafix\Animatio\Explo12.bmp
File Copy: C:\Program Files\E2\Grafix\Animatio\Explo2.bmp
File Copy: C:\Program Files\E2\Grafix\Animatio\Explo21.bmp
File Copy: C:\Program Files\E2\Grafix\Animatio\Explo22.bmp
File Copy: C:\Program Files\E2\Grafix\Animatio\Explo3.bmp
File Copy: C:\Program Files\E2\Grafix\Animatio\Explo31.bmp
File Copy: C:\Program Files\E2\Grafix\Animatio\Explo32.bmp
File Copy: C:\Program Files\E2\Grafix\Animatio\Explo33.bmp
File Copy: C:\Program Files\E2\Grafix\Animatio\Explo4.bmp
File Copy: C:\Program Files\E2\Grafix\Animatio\Explo44.bmp
File Copy: C:\Program Files\E2\Grafix\Animatio\E_button.gif
File Copy: C:\Program Files\E2\Grafix\Animatio\Goblur1.bmp
File Copy: C:\Program Files\E2\Grafix\Animatio\Goblur2.bmp
File Copy: C:\Program Files\E2\Grafix\Animatio\Goblur3.bmp
File Copy: C:\Program Files\E2\Grafix\Animatio\Goblur4.bmp
File Copy: C:\Program Files\E2\Grafix\Animatio\Goblur5.bmp
File Copy: C:\Program Files\E2\Grafix\Animatio\Gowave1.bmp
File Copy: C:\Program Files\E2\Grafix\Animatio\Gowave2.bmp
File Copy: C:\Program Files\E2\Grafix\Animatio\Gowave3.bmp
File Copy: C:\Program Files\E2\Grafix\Animatio\Gowave4.bmp
File Copy: C:\Program Files\E2\Grafix\Animatio\Gowave5.bmp
File Copy: C:\Program Files\E2\Grafix\Animatio\G_button.gif
File Copy: C:\Program Files\E2\Grafix\Animatio\Johngo1.bmp
File Copy: C:\Program Files\E2\Grafix\Animatio\Johngo2.bmp
File Copy: C:\Program Files\E2\Grafix\Animatio\Johngo3.bmp
File Copy: C:\Program Files\E2\Grafix\Animatio\Johngo4.bmp
File Copy: C:\Program Files\E2\Grafix\Animatio\Johngo5.bmp
File Copy: C:\Program Files\E2\Grafix\Animatio\Johngo6.bmp
File Copy: C:\Program Files\E2\Grafix\Animatio\Lucygo1.bmp
File Copy: C:\Program Files\E2\Grafix\Animatio\Lucygo2.bmp
File Copy: C:\Program Files\E2\Grafix\Animatio\Lucygo3.bmp
File Copy: C:\Program Files\E2\Grafix\Animatio\Lucygo4.bmp
File Copy: C:\Program Files\E2\Grafix\Animatio\Lucygo5.bmp
File Copy: C:\Program Files\E2\Grafix\Animatio\Lucygo6.bmp
File Copy: C:\Program Files\E2\Grafix\Animatio\Marigo1.bmp
File Copy: C:\Program Files\E2\Grafix\Animatio\Marigo2.bmp
File Copy: C:\Program Files\E2\Grafix\Animatio\Marigo3.bmp
File Copy: C:\Program Files\E2\Grafix\Animatio\Marigo4.bmp
File Copy: C:\Program Files\E2\Grafix\Animatio\Marigo5.bmp
File Copy: C:\Program Files\E2\Grafix\Animatio\Marigo6.bmp
File Copy: C:\Program Files\E2\Grafix\Animatio\Pcgo1.bmp
File Copy: C:\Program Files\E2\Grafix\Animatio\Pcgo2.bmp
File Copy: C:\Program Files\E2\Grafix\Animatio\Pcgo3.bmp
File Copy: C:\Program Files\E2\Grafix\Animatio\Pcgo4.bmp
File Copy: C:\Program Files\E2\Grafix\Animatio\Safe1.bmp
File Copy: C:\Program Files\E2\Grafix\Animatio\Safe1_1.bmp
File Copy: C:\Program Files\E2\Grafix\Animatio\Safe1_2.bmp
File Copy: C:\Program Files\E2\Grafix\Animatio\Safe1_3.bmp
File Copy: C:\Program Files\E2\Grafix\Animatio\Safe1_4.bmp
File Copy: C:\Program Files\E2\Grafix\Animatio\Safe1_5.bmp
File Copy: C:\Program Files\E2\Grafix\Animatio\Safe1_6.bmp
File Copy: C:\Program Files\E2\Grafix\Animatio\Safe1_7.bmp
File Copy: C:\Program Files\E2\Grafix\Animatio\Safe1_8.bmp
File Copy: C:\Program Files\E2\Grafix\Animatio\Safe1_9.bmp
File Copy: C:\Program Files\E2\Grafix\Animatio\Sergego.gif
File Copy: C:\Program Files\E2\Grafix\Animatio\Serggo1.bmp
File Copy: C:\Program Files\E2\Grafix\Animatio\Serggo2.bmp
File Copy: C:\Program Files\E2\Grafix\Animatio\Serggo3.bmp
File Copy: C:\Program Files\E2\Grafix\Animatio\Serggo4.bmp
File Copy: C:\Program Files\E2\Grafix\Animatio\Serggo5.bmp
File Copy: C:\Program Files\E2\Grafix\Animatio\Serggo6.bmp
File Copy: C:\Program Files\E2\Grafix\Animatio\Slslot11.bmp
File Copy: C:\Program Files\E2\Grafix\Animatio\Slslot12.bmp
File Copy: C:\Program Files\E2\Grafix\Animatio\Slslot13.bmp
File Copy: C:\Program Files\E2\Grafix\Animatio\Slslot14.bmp
File Copy: C:\Program Files\E2\Grafix\Animatio\Slslot15.bmp
File Copy: C:\Program Files\E2\Grafix\Animatio\Slslot16.bmp
File Copy: C:\Program Files\E2\Grafix\Animatio\Slslot21.bmp
File Copy: C:\Program Files\E2\Grafix\Animatio\Slslot22.bmp
File Copy: C:\Program Files\E2\Grafix\Animatio\Slslot23.bmp
File Copy: C:\Program Files\E2\Grafix\Animatio\Slslot24.bmp
File Copy: C:\Program Files\E2\Grafix\Animatio\Slslot25.bmp
File Copy: C:\Program Files\E2\Grafix\Animatio\Slslot26.bmp
File Copy: C:\Program Files\E2\Grafix\Animatio\Slslot31.bmp
File Copy: C:\Program Files\E2\Grafix\Animatio\Slslot32.bmp
File Copy: C:\Program Files\E2\Grafix\Animatio\Slslot33.bmp
File Copy: C:\Program Files\E2\Grafix\Animatio\Slslot34.bmp
File Copy: C:\Program Files\E2\Grafix\Animatio\Slslot35.bmp
File Copy: C:\Program Files\E2\Grafix\Animatio\Slslot36.bmp
File Copy: C:\Program Files\E2\Grafix\Animatio\S_button.gif
File Copy: C:\Program Files\E2\Grafix\Animatio\V_Button.gif
File Copy: C:\Program Files\E2\Grafix\Animatio\X_button.gif
File Copy: C:\Program Files\E2\Grafix\Animatio\Z_button.gif
File Copy: C:\Program Files\E2\Grafix\bonuswin.bmp
File Copy: C:\Program Files\E2\Grafix\cng!_1.bmp
File Copy: C:\Program Files\E2\Grafix\cng!_1p.bmp
File Copy: C:\Program Files\E2\Grafix\cng!_2.bmp
File Copy: C:\Program Files\E2\Grafix\cng!_2p.bmp
File Copy: C:\Program Files\E2\Grafix\e-logo.BMP
File Copy: C:\Program Files\E2\Grafix\edit_op2.bmp
File Copy: C:\Program Files\E2\Grafix\edit_opt.bmp
File Copy: C:\Program Files\E2\Grafix\errorwin.bmp
File Copy: C:\Program Files\E2\Grafix\erudit.bmp
File Copy: C:\Program Files\E2\Grafix\F-choice.bmp
File Copy: C:\Program Files\E2\Grafix\f-play.bmp
File Copy: C:\Program Files\E2\Grafix\gameover.bmp
File Copy: C:\Program Files\E2\Grafix\go!_1.bmp
File Copy: C:\Program Files\E2\Grafix\go!_1p.bmp
File Copy: C:\Program Files\E2\Grafix\go!_2.bmp
File Copy: C:\Program Files\E2\Grafix\go!_2p.bmp
File Copy: C:\Program Files\E2\Grafix\hallfame.bmp
File Copy: C:\Program Files\E2\Grafix\hintbut1.bmp
File Copy: C:\Program Files\E2\Grafix\hintbut2.bmp
File Copy: C:\Program Files\E2\Grafix\Letters\1.bmp
File Copy: C:\Program Files\E2\Grafix\Letters\10.bmp
File Copy: C:\Program Files\E2\Grafix\Letters\11.bmp
File Copy: C:\Program Files\E2\Grafix\Letters\12.bmp
File Copy: C:\Program Files\E2\Grafix\Letters\13.bmp
File Copy: C:\Program Files\E2\Grafix\Letters\14.bmp
File Copy: C:\Program Files\E2\Grafix\Letters\15.bmp
File Copy: C:\Program Files\E2\Grafix\Letters\16.bmp
File Copy: C:\Program Files\E2\Grafix\Letters\17.bmp
File Copy: C:\Program Files\E2\Grafix\Letters\18.bmp
File Copy: C:\Program Files\E2\Grafix\Letters\19.bmp
File Copy: C:\Program Files\E2\Grafix\Letters\2.bmp
File Copy: C:\Program Files\E2\Grafix\Letters\20.bmp
File Copy: C:\Program Files\E2\Grafix\Letters\21.bmp
File Copy: C:\Program Files\E2\Grafix\Letters\22.bmp
File Copy: C:\Program Files\E2\Grafix\Letters\23.bmp
File Copy: C:\Program Files\E2\Grafix\Letters\24.bmp
File Copy: C:\Program Files\E2\Grafix\Letters\25.bmp
File Copy: C:\Program Files\E2\Grafix\Letters\26.bmp
File Copy: C:\Program Files\E2\Grafix\Letters\27.bmp
File Copy: C:\Program Files\E2\Grafix\Letters\28.bmp
File Copy: C:\Program Files\E2\Grafix\Letters\29.bmp
File Copy: C:\Program Files\E2\Grafix\Letters\3.bmp
File Copy: C:\Program Files\E2\Grafix\Letters\30.bmp
File Copy: C:\Program Files\E2\Grafix\Letters\31.bmp
File Copy: C:\Program Files\E2\Grafix\Letters\32.bmp
File Copy: C:\Program Files\E2\Grafix\Letters\33.bmp
File Copy: C:\Program Files\E2\Grafix\Letters\4.bmp
File Copy: C:\Program Files\E2\Grafix\Letters\5.bmp
File Copy: C:\Program Files\E2\Grafix\Letters\6.bmp
File Copy: C:\Program Files\E2\Grafix\Letters\7.bmp
File Copy: C:\Program Files\E2\Grafix\Letters\8.bmp
File Copy: C:\Program Files\E2\Grafix\Letters\9.bmp
File Copy: C:\Program Files\E2\Grafix\Letters\A.bmp
File Copy: C:\Program Files\E2\Grafix\Letters\D1.bmp
File Copy: C:\Program Files\E2\Grafix\Letters\D10.bmp
File Copy: C:\Program Files\E2\Grafix\Letters\D11.bmp
File Copy: C:\Program Files\E2\Grafix\Letters\D12.bmp
File Copy: C:\Program Files\E2\Grafix\Letters\D13.bmp
File Copy: C:\Program Files\E2\Grafix\Letters\D14.bmp
File Copy: C:\Program Files\E2\Grafix\Letters\D15.bmp
File Copy: C:\Program Files\E2\Grafix\Letters\D16.bmp
File Copy: C:\Program Files\E2\Grafix\Letters\D17.bmp
File Copy: C:\Program Files\E2\Grafix\Letters\D18.bmp
File Copy: C:\Program Files\E2\Grafix\Letters\D19.bmp
File Copy: C:\Program Files\E2\Grafix\Letters\D2.bmp
File Copy: C:\Program Files\E2\Grafix\Letters\D20.bmp
File Copy: C:\Program Files\E2\Grafix\Letters\D21.bmp
File Copy: C:\Program Files\E2\Grafix\Letters\D22.bmp
File Copy: C:\Program Files\E2\Grafix\Letters\D23.bmp
File Copy: C:\Program Files\E2\Grafix\Letters\D24.bmp
File Copy: C:\Program Files\E2\Grafix\Letters\D25.bmp
File Copy: C:\Program Files\E2\Grafix\Letters\D26.bmp
File Copy: C:\Program Files\E2\Grafix\Letters\D27.bmp
File Copy: C:\Program Files\E2\Grafix\Letters\D28.bmp
File Copy: C:\Program Files\E2\Grafix\Letters\D29.bmp
File Copy: C:\Program Files\E2\Grafix\Letters\D3.bmp
File Copy: C:\Program Files\E2\Grafix\Letters\D30.bmp
File Copy: C:\Program Files\E2\Grafix\Letters\D31.bmp
File Copy: C:\Program Files\E2\Grafix\Letters\D32.bmp
File Copy: C:\Program Files\E2\Grafix\Letters\D4.bmp
File Copy: C:\Program Files\E2\Grafix\Letters\D5.bmp
File Copy: C:\Program Files\E2\Grafix\Letters\D6.bmp
File Copy: C:\Program Files\E2\Grafix\Letters\D7.bmp
File Copy: C:\Program Files\E2\Grafix\Letters\D8.bmp
File Copy: C:\Program Files\E2\Grafix\Letters\D9.bmp
File Copy: C:\Program Files\E2\Grafix\Letters\G1.bmp
File Copy: C:\Program Files\E2\Grafix\Letters\G10.bmp
File Copy: C:\Program Files\E2\Grafix\Letters\G11.bmp
File Copy: C:\Program Files\E2\Grafix\Letters\G12.bmp
File Copy: C:\Program Files\E2\Grafix\Letters\G13.bmp
File Copy: C:\Program Files\E2\Grafix\Letters\G14.bmp
File Copy: C:\Program Files\E2\Grafix\Letters\G15.bmp
File Copy: C:\Program Files\E2\Grafix\Letters\G16.bmp
File Copy: C:\Program Files\E2\Grafix\Letters\G17.bmp
Made Dir: C:\Program Files\E2\Dict
File Copy: C:\Program Files\E2\Dict\diction.1
File Copy: C:\Program Files\E2\Dict\diction.10
File Copy: C:\Program Files\E2\Dict\diction.11
File Copy: C:\Program Files\E2\Dict\diction.12
File Copy: C:\Program Files\E2\Dict\diction.13
File Copy: C:\Program Files\E2\Dict\diction.14
File Copy: C:\Program Files\E2\Dict\diction.15
File Copy: C:\Program Files\E2\Dict\diction.16
File Copy: C:\Program Files\E2\Dict\diction.17
File Copy: C:\Program Files\E2\Dict\diction.18
File Copy: C:\Program Files\E2\Dict\diction.19
File Copy: C:\Program Files\E2\Dict\diction.2
File Copy: C:\Program Files\E2\Dict\diction.20
File Copy: C:\Program Files\E2\Dict\diction.21
File Copy: C:\Program Files\E2\Dict\diction.22
File Copy: C:\Program Files\E2\Dict\diction.23
File Copy: C:\Program Files\E2\Dict\diction.24
File Copy: C:\Program Files\E2\Dict\diction.25
File Copy: C:\Program Files\E2\Dict\diction.26
File Copy: C:\Program Files\E2\Dict\diction.27
File Copy: C:\Program Files\E2\Dict\diction.28
File Copy: C:\Program Files\E2\Dict\diction.29
File Copy: C:\Program Files\E2\Dict\diction.3
File Copy: C:\Program Files\E2\Dict\diction.30
File Copy: C:\Program Files\E2\Dict\diction.31
File Copy: C:\Program Files\E2\Dict\diction.32
File Copy: C:\Program Files\E2\Dict\diction.4
File Copy: C:\Program Files\E2\Dict\diction.5
File Copy: C:\Program Files\E2\Dict\diction.6
File Copy: C:\Program Files\E2\Dict\diction.7
File Copy: C:\Program Files\E2\Dict\diction.8
File Copy: C:\Program Files\E2\Dict\diction.9
File Copy: C:\Program Files\E2\Media\Led Zeppelin - Stairway To Heaven.mid
File Copy: C:\Program Files\E2\Media\No Doubt - Don't Speak .mid
File Copy: C:\Program Files\E2\Media\Kino - House Is Standing.mid
File Copy: C:\Program Files\E2\Media\Robert Miles - Children.mid
File Copy: C:\Program Files\E2\Media\Roxette - Crash! Boom! Bang!.mid
File Copy: C:\Program Files\E2\Media\Whitney Houston - Always Love You.mid
File Copy: C:\Program Files\E2\Media\Empty.mid
File Copy: C:\Program Files\E2\Media\Enigma - Meaculpa.mid
File Copy: C:\Program Files\E2\Media\Eric Clapton - Tears of Heavens.mid
File Copy: C:\Program Files\E2\Media\Soul Asylum - Runaway Train.mid
File Copy: C:\Program Files\E2\Media\ABBA - Dancing Queen.mid
File Copy: C:\Program Files\E2\Media\Dire Straits - Private Investigation.mid
File Copy: C:\Program Files\E2\Media\Dire Straits - Why Worry.mid
File Copy: C:\Program Files\E2\Media\Eagles - Hotel California.mid
File Copy: C:\Program Files\E2\Media\Elton John - Nikita.mid
File Copy: C:\Program Files\E2\Media\Alla Pugachova - Iceberg.mid
File Copy: C:\Program Files\E2\Media\Michael Jackson - Liberian Girl.mid
File Copy: C:\Program Files\E2\Erudit2.exe
Shell Link: C:\Documents and Settings\andrew.kolodkin\Рабочий стол\Scarlett Эрудит РС.lnk
Made Dir: C:\Documents and Settings\andrew.kolodkin\Главное меню\Программы\Эрудит
Shell Link: C:\Documents and Settings\andrew.kolodkin\Главное меню\Программы\Эрудит\Scarlett Эрудит РС.lnk
Shell Link: C:\Documents and Settings\andrew.kolodkin\Главное меню\Программы\Эрудит\Удаление Scarlett Эрудит РС.lnk
File Tree: C:\PROGRA~1\E2\
User Rights: Admin
